<?xml version="1.0" encoding="UTF-8"?>
<!-- Generated by org.testng.reporters.JUnitXMLReporter -->
<testsuite hostname="DESKTOP-EIQTPOQ" ignored="2" name="Default test" tests="6" failures="0" timestamp="10 Sep 2019 18:39:02 GMT" time="22.011" errors="0">
  <testcase name="landingPage" time="11.06" classname="com.testCases.phptravels.AddItemToBasketTest"/>
  <testcase name="landingPage" time="9.27" classname="com.testCases.phptravels.AddItemToBasketTest"/>
  <testcase name="productSearch" time="0.199" classname="com.testCases.phptravels.AddItemToBasketTest"/>
  <testcase name="productSearch" time="0.074" classname="com.testCases.phptravels.AddItemToBasketTest"/>
  <testcase name="addItemToBasket" time="0.768" classname="com.testCases.phptravels.AddItemToBasketTest"/>
  <testcase name="addItemToBasket" time="0.581" classname="com.testCases.phptravels.AddItemToBasketTest"/>
  <testcase name="closeWindow" time="0.0" classname="com.testCases.phptravels.AddItemToBasketTest">
    <ignored/>
  </testcase> <!-- closeWindow -->
  <testcase name="closeWindow" time="0.0" classname="com.testCases.phptravels.AddItemToBasketTest">
    <ignored/>
  </testcase> <!-- closeWindow -->
</testsuite> <!-- Default test -->
